{"__type":"$$EventMessageAudit","id":"c3bcdbce-2db4-49c3-87fd-4bf1a101a674","ts":"2026-07-07T20:55:22.475-07:00","eventName":"n8n.audit.workflow.updated","message":"n8n.audit.workflow.updated","payload":{"userId":"a039dea3-7cc0-443f-be06-e84b5938bb9d","_email":"nickparent81@gmail.com","_firstName":"parrot","_lastName":"integrated","globalRole":"global:owner","workflowId":"RncpK19cm1U8cysU","workflowName":"My workflow"}}
{"__type":"$$EventMessageConfirm","confirm":"c3bcdbce-2db4-49c3-87fd-4bf1a101a674","ts":"2026-07-07T20:55:22.476-07:00","source":{"id":"0","name":"eventBus"}}
{"__type":"$$EventMessageAudit","id":"e80fb0ea-78de-4d37-b0e7-7d249c396433","ts":"2026-07-07T21:03:10.306-07:00","eventName":"n8n.audit.user.credentials.created","message":"n8n.audit.user.credentials.created","payload":{"userId":"a039dea3-7cc0-443f-be06-e84b5938bb9d","_email":"nickparent81@gmail.com","_firstName":"parrot","_lastName":"integrated","globalRole":"global:owner","credentialType":"parrotApi","credentialId":"E70tCGfDMa73RloD","publicApi":false,"projectId":"5HzBTKO2eqOwe2ix","projectType":"personal","isDynamic":false,"usesExternalSecrets":false,"jweEnabled":false}}
{"__type":"$$EventMessageConfirm","confirm":"e80fb0ea-78de-4d37-b0e7-7d249c396433","ts":"2026-07-07T21:03:10.307-07:00","source":{"id":"0","name":"eventBus"}}
{"__type":"$$EventMessageAudit","id":"543d2ea0-6158-4688-ad1a-3f5ed5d59296","ts":"2026-07-07T21:03:11.884-07:00","eventName":"n8n.audit.workflow.updated","message":"n8n.audit.workflow.updated","payload":{"userId":"a039dea3-7cc0-443f-be06-e84b5938bb9d","_email":"nickparent81@gmail.com","_firstName":"parrot","_lastName":"integrated","globalRole":"global:owner","workflowId":"RncpK19cm1U8cysU","workflowName":"My workflow"}}
{"__type":"$$EventMessageConfirm","confirm":"543d2ea0-6158-4688-ad1a-3f5ed5d59296","ts":"2026-07-07T21:03:11.884-07:00","source":{"id":"0","name":"eventBus"}}
{"__type":"$$EventMessageAudit","id":"de4a7a29-6f0b-41d2-b420-67e71ea23490","ts":"2026-07-07T21:03:27.627-07:00","eventName":"n8n.audit.workflow.updated","message":"n8n.audit.workflow.updated","payload":{"userId":"a039dea3-7cc0-443f-be06-e84b5938bb9d","_email":"nickparent81@gmail.com","_firstName":"parrot","_lastName":"integrated","globalRole":"global:owner","workflowId":"RncpK19cm1U8cysU","workflowName":"My workflow"}}
{"__type":"$$EventMessageConfirm","confirm":"de4a7a29-6f0b-41d2-b420-67e71ea23490","ts":"2026-07-07T21:03:27.628-07:00","source":{"id":"0","name":"eventBus"}}
{"__type":"$$EventMessageAudit","id":"fc227592-96d7-48b0-9ae3-d2079733ea75","ts":"2026-07-07T21:03:30.615-07:00","eventName":"n8n.audit.workflow.updated","message":"n8n.audit.workflow.updated","payload":{"userId":"a039dea3-7cc0-443f-be06-e84b5938bb9d","_email":"nickparent81@gmail.com","_firstName":"parrot","_lastName":"integrated","globalRole":"global:owner","workflowId":"RncpK19cm1U8cysU","workflowName":"My workflow"}}
{"__type":"$$EventMessageConfirm","confirm":"fc227592-96d7-48b0-9ae3-d2079733ea75","ts":"2026-07-07T21:03:30.615-07:00","source":{"id":"0","name":"eventBus"}}
{"__type":"$$EventMessageAudit","id":"15a1211c-f295-481e-ab40-44151f3ddb7e","ts":"2026-07-07T21:03:41.343-07:00","eventName":"n8n.audit.workflow.updated","message":"n8n.audit.workflow.updated","payload":{"userId":"a039dea3-7cc0-443f-be06-e84b5938bb9d","_email":"nickparent81@gmail.com","_firstName":"parrot","_lastName":"integrated","globalRole":"global:owner","workflowId":"RncpK19cm1U8cysU","workflowName":"My workflow"}}
{"__type":"$$EventMessageConfirm","confirm":"15a1211c-f295-481e-ab40-44151f3ddb7e","ts":"2026-07-07T21:03:41.343-07:00","source":{"id":"0","name":"eventBus"}}
{"__type":"$$EventMessageAudit","id":"7208ca93-f3eb-42ab-8490-c69c24d8ddc4","ts":"2026-07-07T21:12:23.102-07:00","eventName":"n8n.audit.workflow.updated","message":"n8n.audit.workflow.updated","payload":{"userId":"a039dea3-7cc0-443f-be06-e84b5938bb9d","_email":"nickparent81@gmail.com","_firstName":"parrot","_lastName":"integrated","globalRole":"global:owner","workflowId":"RncpK19cm1U8cysU","workflowName":"My workflow"}}
{"__type":"$$EventMessageConfirm","confirm":"7208ca93-f3eb-42ab-8490-c69c24d8ddc4","ts":"2026-07-07T21:12:23.102-07:00","source":{"id":"0","name":"eventBus"}}
{"__type":"$$EventMessageAudit","id":"15c025c8-e2e9-447b-a53d-fa4ff1d42063","ts":"2026-07-07T21:12:28.929-07:00","eventName":"n8n.audit.workflow.updated","message":"n8n.audit.workflow.updated","payload":{"userId":"a039dea3-7cc0-443f-be06-e84b5938bb9d","_email":"nickparent81@gmail.com","_firstName":"parrot","_lastName":"integrated","globalRole":"global:owner","workflowId":"RncpK19cm1U8cysU","workflowName":"My workflow"}}
{"__type":"$$EventMessageConfirm","confirm":"15c025c8-e2e9-447b-a53d-fa4ff1d42063","ts":"2026-07-07T21:12:28.929-07:00","source":{"id":"0","name":"eventBus"}}
{"__type":"$$EventMessageAudit","id":"8429be9a-3efd-41dd-8a21-4da59d937dbd","ts":"2026-07-07T21:12:49.390-07:00","eventName":"n8n.audit.workflow.updated","message":"n8n.audit.workflow.updated","payload":{"userId":"a039dea3-7cc0-443f-be06-e84b5938bb9d","_email":"nickparent81@gmail.com","_firstName":"parrot","_lastName":"integrated","globalRole":"global:owner","workflowId":"RncpK19cm1U8cysU","workflowName":"My workflow"}}
{"__type":"$$EventMessageConfirm","confirm":"8429be9a-3efd-41dd-8a21-4da59d937dbd","ts":"2026-07-07T21:12:49.390-07:00","source":{"id":"0","name":"eventBus"}}
{"__type":"$$EventMessageAudit","id":"a85f046e-da8c-4410-bfd9-ba68b8e49c75","ts":"2026-07-07T21:13:30.639-07:00","eventName":"n8n.audit.workflow.updated","message":"n8n.audit.workflow.updated","payload":{"userId":"a039dea3-7cc0-443f-be06-e84b5938bb9d","_email":"nickparent81@gmail.com","_firstName":"parrot","_lastName":"integrated","globalRole":"global:owner","workflowId":"RncpK19cm1U8cysU","workflowName":"My workflow"}}
{"__type":"$$EventMessageConfirm","confirm":"a85f046e-da8c-4410-bfd9-ba68b8e49c75","ts":"2026-07-07T21:13:30.639-07:00","source":{"id":"0","name":"eventBus"}}
{"__type":"$$EventMessageAudit","id":"70d750ca-8941-4032-818f-b68bee22406f","ts":"2026-07-07T21:13:39.483-07:00","eventName":"n8n.audit.workflow.updated","message":"n8n.audit.workflow.updated","payload":{"userId":"a039dea3-7cc0-443f-be06-e84b5938bb9d","_email":"nickparent81@gmail.com","_firstName":"parrot","_lastName":"integrated","globalRole":"global:owner","workflowId":"RncpK19cm1U8cysU","workflowName":"My workflow"}}
{"__type":"$$EventMessageConfirm","confirm":"70d750ca-8941-4032-818f-b68bee22406f","ts":"2026-07-07T21:13:39.483-07:00","source":{"id":"0","name":"eventBus"}}
{"__type":"$$EventMessageAudit","id":"99e4916a-5abf-4c87-8ede-fb4b796998b3","ts":"2026-07-07T21:17:13.464-07:00","eventName":"n8n.audit.workflow.updated","message":"n8n.audit.workflow.updated","payload":{"userId":"a039dea3-7cc0-443f-be06-e84b5938bb9d","_email":"nickparent81@gmail.com","_firstName":"parrot","_lastName":"integrated","globalRole":"global:owner","workflowId":"RncpK19cm1U8cysU","workflowName":"My workflow"}}
{"__type":"$$EventMessageConfirm","confirm":"99e4916a-5abf-4c87-8ede-fb4b796998b3","ts":"2026-07-07T21:17:13.464-07:00","source":{"id":"0","name":"eventBus"}}
{"__type":"$$EventMessageAudit","id":"dad29a3a-5cee-446b-8174-2de2d401502c","ts":"2026-07-07T21:17:19.737-07:00","eventName":"n8n.audit.workflow.updated","message":"n8n.audit.workflow.updated","payload":{"userId":"a039dea3-7cc0-443f-be06-e84b5938bb9d","_email":"nickparent81@gmail.com","_firstName":"parrot","_lastName":"integrated","globalRole":"global:owner","workflowId":"RncpK19cm1U8cysU","workflowName":"My workflow"}}
{"__type":"$$EventMessageConfirm","confirm":"dad29a3a-5cee-446b-8174-2de2d401502c","ts":"2026-07-07T21:17:19.737-07:00","source":{"id":"0","name":"eventBus"}}
{"__type":"$$EventMessageAudit","id":"9f19e2d8-4ce9-45da-bf5a-08b35c9382b1","ts":"2026-07-07T21:17:30.747-07:00","eventName":"n8n.audit.workflow.executed","message":"n8n.audit.workflow.executed","payload":{"userId":"a039dea3-7cc0-443f-be06-e84b5938bb9d","_email":"nickparent81@gmail.com","_firstName":"parrot","_lastName":"integrated","globalRole":"global:owner","workflowId":"RncpK19cm1U8cysU","workflowName":"My workflow","executionId":"1","source":"user-manual"}}
{"__type":"$$EventMessageConfirm","confirm":"9f19e2d8-4ce9-45da-bf5a-08b35c9382b1","ts":"2026-07-07T21:17:30.747-07:00","source":{"id":"0","name":"eventBus"}}
{"__type":"$$EventMessageWorkflow","id":"b9f3342a-67e5-4531-8961-8366447135e8","ts":"2026-07-07T21:17:30.755-07:00","eventName":"n8n.workflow.started","message":"n8n.workflow.started","payload":{"executionId":"1","workflowId":"RncpK19cm1U8cysU","isManual":false,"mode":"manual","workflowName":"My workflow","projectId":"5HzBTKO2eqOwe2ix","projectName":"parrot integrated <nickparent81@gmail.com>"}}
{"__type":"$$EventMessageConfirm","confirm":"b9f3342a-67e5-4531-8961-8366447135e8","ts":"2026-07-07T21:17:30.755-07:00","source":{"id":"0","name":"eventBus"}}
{"__type":"$$EventMessageNode","id":"b8f79bd3-cef0-4d8d-9dbf-d63945d51a04","ts":"2026-07-07T21:17:30.763-07:00","eventName":"n8n.node.started","message":"n8n.node.started","payload":{"workflowId":"RncpK19cm1U8cysU","workflowName":"My workflow","executionId":"1","nodeType":"n8n-nodes-base.manualTrigger","nodeName":"When clicking ‘Execute workflow’","nodeId":"4d3f4c43-de7d-47e8-a3df-4e8c6fd85157"}}
{"__type":"$$EventMessageConfirm","confirm":"b8f79bd3-cef0-4d8d-9dbf-d63945d51a04","ts":"2026-07-07T21:17:30.763-07:00","source":{"id":"0","name":"eventBus"}}
{"__type":"$$EventMessageNode","id":"d086a2f8-df54-4834-bebb-be89883a6596","ts":"2026-07-07T21:17:30.772-07:00","eventName":"n8n.node.finished","message":"n8n.node.finished","payload":{"workflowId":"RncpK19cm1U8cysU","workflowName":"My workflow","executionId":"1","nodeType":"n8n-nodes-base.manualTrigger","nodeName":"When clicking ‘Execute workflow’","nodeId":"4d3f4c43-de7d-47e8-a3df-4e8c6fd85157"}}
{"__type":"$$EventMessageConfirm","confirm":"d086a2f8-df54-4834-bebb-be89883a6596","ts":"2026-07-07T21:17:30.772-07:00","source":{"id":"0","name":"eventBus"}}
{"__type":"$$EventMessageNode","id":"ddee538a-5d11-4101-b994-bb52f28afe08","ts":"2026-07-07T21:17:30.774-07:00","eventName":"n8n.node.started","message":"n8n.node.started","payload":{"workflowId":"RncpK19cm1U8cysU","workflowName":"My workflow","executionId":"1","nodeType":"n8n-nodes-base.code","nodeName":"Code in JavaScript","nodeId":"4a7bc9ab-fcd8-40c7-9715-7947ef5559a8"}}
{"__type":"$$EventMessageConfirm","confirm":"ddee538a-5d11-4101-b994-bb52f28afe08","ts":"2026-07-07T21:17:30.774-07:00","source":{"id":"0","name":"eventBus"}}
{"__type":"$$EventMessageRunner","id":"f6278f3c-edcb-4337-a2c4-967cc1a657d9","ts":"2026-07-07T21:17:30.818-07:00","eventName":"n8n.runner.task.requested","message":"n8n.runner.task.requested","payload":{"taskId":"PQyzXA9d","nodeId":"4a7bc9ab-fcd8-40c7-9715-7947ef5559a8","workflowId":"RncpK19cm1U8cysU","executionId":"1"}}
{"__type":"$$EventMessageConfirm","confirm":"f6278f3c-edcb-4337-a2c4-967cc1a657d9","ts":"2026-07-07T21:17:30.818-07:00","source":{"id":"0","name":"eventBus"}}
{"__type":"$$EventMessageRunner","id":"e5f9d6ee-a4aa-471c-914d-f27673b47ecb","ts":"2026-07-07T21:17:31.047-07:00","eventName":"n8n.runner.response.received","message":"n8n.runner.response.received","payload":{"taskId":"PQyzXA9d","nodeId":"4a7bc9ab-fcd8-40c7-9715-7947ef5559a8","workflowId":"RncpK19cm1U8cysU","executionId":"1"}}
{"__type":"$$EventMessageConfirm","confirm":"e5f9d6ee-a4aa-471c-914d-f27673b47ecb","ts":"2026-07-07T21:17:31.047-07:00","source":{"id":"0","name":"eventBus"}}
{"__type":"$$EventMessageNode","id":"3f3b8b2e-e6a9-492f-a6a1-cf0716b123c3","ts":"2026-07-07T21:17:31.048-07:00","eventName":"n8n.node.finished","message":"n8n.node.finished","payload":{"workflowId":"RncpK19cm1U8cysU","workflowName":"My workflow","executionId":"1","nodeType":"n8n-nodes-base.code","nodeName":"Code in JavaScript","nodeId":"4a7bc9ab-fcd8-40c7-9715-7947ef5559a8"}}
{"__type":"$$EventMessageConfirm","confirm":"3f3b8b2e-e6a9-492f-a6a1-cf0716b123c3","ts":"2026-07-07T21:17:31.048-07:00","source":{"id":"0","name":"eventBus"}}
{"__type":"$$EventMessageNode","id":"1544a01c-1e2c-4aa8-becf-4fb0747de9b7","ts":"2026-07-07T21:17:31.050-07:00","eventName":"n8n.node.started","message":"n8n.node.started","payload":{"workflowId":"RncpK19cm1U8cysU","workflowName":"My workflow","executionId":"1","nodeType":"CUSTOM.parrotGate","nodeName":"Parrot Gate","nodeId":"ddca98d8-cca6-41db-8880-60cbaf449ca8"}}
{"__type":"$$EventMessageConfirm","confirm":"1544a01c-1e2c-4aa8-becf-4fb0747de9b7","ts":"2026-07-07T21:17:31.050-07:00","source":{"id":"0","name":"eventBus"}}
{"__type":"$$EventMessageNode","id":"b08cb9d4-120d-4287-96bd-918192b32ccc","ts":"2026-07-07T21:17:38.240-07:00","eventName":"n8n.node.finished","message":"n8n.node.finished","payload":{"workflowId":"RncpK19cm1U8cysU","workflowName":"My workflow","executionId":"1","nodeType":"CUSTOM.parrotGate","nodeName":"Parrot Gate","nodeId":"ddca98d8-cca6-41db-8880-60cbaf449ca8"}}
{"__type":"$$EventMessageConfirm","confirm":"b08cb9d4-120d-4287-96bd-918192b32ccc","ts":"2026-07-07T21:17:38.240-07:00","source":{"id":"0","name":"eventBus"}}
{"__type":"$$EventMessageWorkflow","id":"79b29f16-63e3-4223-adc5-f63c06b74266","ts":"2026-07-07T21:17:38.257-07:00","eventName":"n8n.workflow.success","message":"n8n.workflow.success","payload":{"userId":"a039dea3-7cc0-443f-be06-e84b5938bb9d","executionId":"1","success":true,"isManual":true,"mode":"manual","workflowId":"RncpK19cm1U8cysU","workflowName":"My workflow","projectId":"5HzBTKO2eqOwe2ix","projectName":"parrot integrated <nickparent81@gmail.com>"}}
{"__type":"$$EventMessageConfirm","confirm":"79b29f16-63e3-4223-adc5-f63c06b74266","ts":"2026-07-07T21:17:38.257-07:00","source":{"id":"0","name":"eventBus"}}
{"__type":"$$EventMessageAudit","id":"cf68f0fd-d86f-46ce-b3ed-134aee4271bf","ts":"2026-07-07T21:56:02.284-07:00","eventName":"n8n.audit.workflow.executed","message":"n8n.audit.workflow.executed","payload":{"userId":"a039dea3-7cc0-443f-be06-e84b5938bb9d","_email":"nickparent81@gmail.com","_firstName":"parrot","_lastName":"integrated","globalRole":"global:owner","workflowId":"RncpK19cm1U8cysU","workflowName":"My workflow","executionId":"2","source":"user-manual"}}
{"__type":"$$EventMessageConfirm","confirm":"cf68f0fd-d86f-46ce-b3ed-134aee4271bf","ts":"2026-07-07T21:56:02.290-07:00","source":{"id":"0","name":"eventBus"}}
{"__type":"$$EventMessageWorkflow","id":"f6a2cb31-b6ee-40a2-bdc0-6ee354b25651","ts":"2026-07-07T21:56:02.301-07:00","eventName":"n8n.workflow.started","message":"n8n.workflow.started","payload":{"executionId":"2","workflowId":"RncpK19cm1U8cysU","isManual":false,"mode":"manual","workflowName":"My workflow","projectId":"5HzBTKO2eqOwe2ix","projectName":"parrot integrated <nickparent81@gmail.com>"}}
{"__type":"$$EventMessageConfirm","confirm":"f6a2cb31-b6ee-40a2-bdc0-6ee354b25651","ts":"2026-07-07T21:56:02.301-07:00","source":{"id":"0","name":"eventBus"}}
{"__type":"$$EventMessageNode","id":"56d5ac13-d8c6-48fc-83ec-18ce0681f94e","ts":"2026-07-07T21:56:02.335-07:00","eventName":"n8n.node.started","message":"n8n.node.started","payload":{"workflowId":"RncpK19cm1U8cysU","workflowName":"My workflow","executionId":"2","nodeType":"CUSTOM.parrotGate","nodeName":"Parrot Gate","nodeId":"ddca98d8-cca6-41db-8880-60cbaf449ca8"}}
{"__type":"$$EventMessageConfirm","confirm":"56d5ac13-d8c6-48fc-83ec-18ce0681f94e","ts":"2026-07-07T21:56:02.335-07:00","source":{"id":"0","name":"eventBus"}}
{"__type":"$$EventMessageNode","id":"89b1879a-707c-403c-91f6-c4cbce12b00b","ts":"2026-07-07T21:56:09.200-07:00","eventName":"n8n.node.finished","message":"n8n.node.finished","payload":{"workflowId":"RncpK19cm1U8cysU","workflowName":"My workflow","executionId":"2","nodeType":"CUSTOM.parrotGate","nodeName":"Parrot Gate","nodeId":"ddca98d8-cca6-41db-8880-60cbaf449ca8"}}
{"__type":"$$EventMessageConfirm","confirm":"89b1879a-707c-403c-91f6-c4cbce12b00b","ts":"2026-07-07T21:56:09.200-07:00","source":{"id":"0","name":"eventBus"}}
{"__type":"$$EventMessageWorkflow","id":"bd2252f1-6739-4337-9e9b-2e397d34df3a","ts":"2026-07-07T21:56:09.215-07:00","eventName":"n8n.workflow.success","message":"n8n.workflow.success","payload":{"userId":"a039dea3-7cc0-443f-be06-e84b5938bb9d","executionId":"2","success":true,"isManual":true,"mode":"manual","workflowId":"RncpK19cm1U8cysU","workflowName":"My workflow","projectId":"5HzBTKO2eqOwe2ix","projectName":"parrot integrated <nickparent81@gmail.com>"}}
{"__type":"$$EventMessageConfirm","confirm":"bd2252f1-6739-4337-9e9b-2e397d34df3a","ts":"2026-07-07T21:56:09.215-07:00","source":{"id":"0","name":"eventBus"}}
{"__type":"$$EventMessageAudit","id":"b2e23b4b-318b-4f94-b523-3fae05c6e859","ts":"2026-07-08T06:28:05.315-07:00","eventName":"n8n.audit.workflow.updated","message":"n8n.audit.workflow.updated","payload":{"userId":"a039dea3-7cc0-443f-be06-e84b5938bb9d","_email":"nickparent81@gmail.com","_firstName":"parrot","_lastName":"integrated","globalRole":"global:owner","workflowId":"RncpK19cm1U8cysU","workflowName":"My workflow"}}
{"__type":"$$EventMessageConfirm","confirm":"b2e23b4b-318b-4f94-b523-3fae05c6e859","ts":"2026-07-08T06:28:05.317-07:00","source":{"id":"0","name":"eventBus"}}
{"__type":"$$EventMessageAudit","id":"cd1c43fa-c00c-4ddc-8c18-82b2aff63dc6","ts":"2026-07-08T06:31:09.712-07:00","eventName":"n8n.audit.workflow.updated","message":"n8n.audit.workflow.updated","payload":{"userId":"a039dea3-7cc0-443f-be06-e84b5938bb9d","_email":"nickparent81@gmail.com","_firstName":"parrot","_lastName":"integrated","globalRole":"global:owner","workflowId":"RncpK19cm1U8cysU","workflowName":"My workflow"}}
{"__type":"$$EventMessageConfirm","confirm":"cd1c43fa-c00c-4ddc-8c18-82b2aff63dc6","ts":"2026-07-08T06:31:09.715-07:00","source":{"id":"0","name":"eventBus"}}
{"__type":"$$EventMessageAudit","id":"d549a37c-dafd-4bf6-8ed8-64e9c7d22652","ts":"2026-07-08T06:31:15.066-07:00","eventName":"n8n.audit.workflow.updated","message":"n8n.audit.workflow.updated","payload":{"userId":"a039dea3-7cc0-443f-be06-e84b5938bb9d","_email":"nickparent81@gmail.com","_firstName":"parrot","_lastName":"integrated","globalRole":"global:owner","workflowId":"RncpK19cm1U8cysU","workflowName":"My workflow"}}
{"__type":"$$EventMessageConfirm","confirm":"d549a37c-dafd-4bf6-8ed8-64e9c7d22652","ts":"2026-07-08T06:31:15.066-07:00","source":{"id":"0","name":"eventBus"}}
{"__type":"$$EventMessageAudit","id":"ba9c1412-66a0-4971-b58a-32a7328b6b3f","ts":"2026-07-08T06:35:45.779-07:00","eventName":"n8n.audit.workflow.updated","message":"n8n.audit.workflow.updated","payload":{"userId":"a039dea3-7cc0-443f-be06-e84b5938bb9d","_email":"nickparent81@gmail.com","_firstName":"parrot","_lastName":"integrated","globalRole":"global:owner","workflowId":"RncpK19cm1U8cysU","workflowName":"My workflow"}}
{"__type":"$$EventMessageConfirm","confirm":"ba9c1412-66a0-4971-b58a-32a7328b6b3f","ts":"2026-07-08T06:35:45.779-07:00","source":{"id":"0","name":"eventBus"}}
{"__type":"$$EventMessageAudit","id":"0ede4b37-d323-44fa-8b8d-11e8c6d03e8f","ts":"2026-07-08T06:35:52.077-07:00","eventName":"n8n.audit.workflow.executed","message":"n8n.audit.workflow.executed","payload":{"userId":"a039dea3-7cc0-443f-be06-e84b5938bb9d","_email":"nickparent81@gmail.com","_firstName":"parrot","_lastName":"integrated","globalRole":"global:owner","workflowId":"RncpK19cm1U8cysU","workflowName":"My workflow","executionId":"3","source":"user-manual"}}
{"__type":"$$EventMessageConfirm","confirm":"0ede4b37-d323-44fa-8b8d-11e8c6d03e8f","ts":"2026-07-08T06:35:52.077-07:00","source":{"id":"0","name":"eventBus"}}
{"__type":"$$EventMessageWorkflow","id":"68e5ca2e-d562-41db-a104-0bfd3ea185be","ts":"2026-07-08T06:35:52.090-07:00","eventName":"n8n.workflow.started","message":"n8n.workflow.started","payload":{"executionId":"3","workflowId":"RncpK19cm1U8cysU","isManual":false,"mode":"manual","workflowName":"My workflow","projectId":"5HzBTKO2eqOwe2ix","projectName":"parrot integrated <nickparent81@gmail.com>"}}
{"__type":"$$EventMessageConfirm","confirm":"68e5ca2e-d562-41db-a104-0bfd3ea185be","ts":"2026-07-08T06:35:52.090-07:00","source":{"id":"0","name":"eventBus"}}
{"__type":"$$EventMessageNode","id":"97b44617-8335-4432-bb8a-a7c498f45c99","ts":"2026-07-08T06:35:52.118-07:00","eventName":"n8n.node.started","message":"n8n.node.started","payload":{"workflowId":"RncpK19cm1U8cysU","workflowName":"My workflow","executionId":"3","nodeType":"CUSTOM.parrotIntegration","nodeName":"Parrot Integration","nodeId":"df435191-803a-47c0-a82e-de403c75d457"}}
{"__type":"$$EventMessageConfirm","confirm":"97b44617-8335-4432-bb8a-a7c498f45c99","ts":"2026-07-08T06:35:52.118-07:00","source":{"id":"0","name":"eventBus"}}
{"__type":"$$EventMessageNode","id":"9575769e-3317-444a-a180-cf18c7eed8c9","ts":"2026-07-08T06:35:56.136-07:00","eventName":"n8n.node.finished","message":"n8n.node.finished","payload":{"workflowId":"RncpK19cm1U8cysU","workflowName":"My workflow","executionId":"3","nodeType":"CUSTOM.parrotIntegration","nodeName":"Parrot Integration","nodeId":"df435191-803a-47c0-a82e-de403c75d457"}}
{"__type":"$$EventMessageConfirm","confirm":"9575769e-3317-444a-a180-cf18c7eed8c9","ts":"2026-07-08T06:35:56.136-07:00","source":{"id":"0","name":"eventBus"}}
{"__type":"$$EventMessageWorkflow","id":"bff56e16-11c6-4600-8747-e0fe8437a50d","ts":"2026-07-08T06:35:56.145-07:00","eventName":"n8n.workflow.success","message":"n8n.workflow.success","payload":{"userId":"a039dea3-7cc0-443f-be06-e84b5938bb9d","executionId":"3","success":true,"isManual":true,"mode":"manual","workflowId":"RncpK19cm1U8cysU","workflowName":"My workflow","projectId":"5HzBTKO2eqOwe2ix","projectName":"parrot integrated <nickparent81@gmail.com>"}}
{"__type":"$$EventMessageConfirm","confirm":"bff56e16-11c6-4600-8747-e0fe8437a50d","ts":"2026-07-08T06:35:56.145-07:00","source":{"id":"0","name":"eventBus"}}
{"__type":"$$EventMessageAudit","id":"f3c3dadc-3677-4ffb-8212-a567ac058079","ts":"2026-07-08T06:37:31.753-07:00","eventName":"n8n.audit.workflow.updated","message":"n8n.audit.workflow.updated","payload":{"userId":"a039dea3-7cc0-443f-be06-e84b5938bb9d","_email":"nickparent81@gmail.com","_firstName":"parrot","_lastName":"integrated","globalRole":"global:owner","workflowId":"RncpK19cm1U8cysU","workflowName":"My workflow"}}
{"__type":"$$EventMessageConfirm","confirm":"f3c3dadc-3677-4ffb-8212-a567ac058079","ts":"2026-07-08T06:37:31.753-07:00","source":{"id":"0","name":"eventBus"}}
{"__type":"$$EventMessageAudit","id":"55e3f195-bbc9-4b05-9ed5-e946daf92a79","ts":"2026-07-08T06:37:37.237-07:00","eventName":"n8n.audit.workflow.updated","message":"n8n.audit.workflow.updated","payload":{"userId":"a039dea3-7cc0-443f-be06-e84b5938bb9d","_email":"nickparent81@gmail.com","_firstName":"parrot","_lastName":"integrated","globalRole":"global:owner","workflowId":"RncpK19cm1U8cysU","workflowName":"My workflow"}}
{"__type":"$$EventMessageConfirm","confirm":"55e3f195-bbc9-4b05-9ed5-e946daf92a79","ts":"2026-07-08T06:37:37.237-07:00","source":{"id":"0","name":"eventBus"}}
{"__type":"$$EventMessageAudit","id":"c1ce3e90-109c-481b-be9e-bff349901884","ts":"2026-07-08T06:37:40.387-07:00","eventName":"n8n.audit.workflow.executed","message":"n8n.audit.workflow.executed","payload":{"userId":"a039dea3-7cc0-443f-be06-e84b5938bb9d","_email":"nickparent81@gmail.com","_firstName":"parrot","_lastName":"integrated","globalRole":"global:owner","workflowId":"RncpK19cm1U8cysU","workflowName":"My workflow","executionId":"4","source":"user-manual"}}
{"__type":"$$EventMessageConfirm","confirm":"c1ce3e90-109c-481b-be9e-bff349901884","ts":"2026-07-08T06:37:40.388-07:00","source":{"id":"0","name":"eventBus"}}
{"__type":"$$EventMessageWorkflow","id":"2634cbd0-d206-433a-92ec-25c0cc758394","ts":"2026-07-08T06:37:40.396-07:00","eventName":"n8n.workflow.started","message":"n8n.workflow.started","payload":{"executionId":"4","workflowId":"RncpK19cm1U8cysU","isManual":false,"mode":"manual","workflowName":"My workflow","projectId":"5HzBTKO2eqOwe2ix","projectName":"parrot integrated <nickparent81@gmail.com>"}}
{"__type":"$$EventMessageConfirm","confirm":"2634cbd0-d206-433a-92ec-25c0cc758394","ts":"2026-07-08T06:37:40.396-07:00","source":{"id":"0","name":"eventBus"}}
{"__type":"$$EventMessageNode","id":"3c8e70a3-0c06-4418-82b5-7742e32fce61","ts":"2026-07-08T06:37:40.415-07:00","eventName":"n8n.node.started","message":"n8n.node.started","payload":{"workflowId":"RncpK19cm1U8cysU","workflowName":"My workflow","executionId":"4","nodeType":"CUSTOM.parrotSmart","nodeName":"Parrot Smart Node","nodeId":"ff437c09-0bf7-4b1e-9ec0-f6c7cea61253"}}
{"__type":"$$EventMessageConfirm","confirm":"3c8e70a3-0c06-4418-82b5-7742e32fce61","ts":"2026-07-08T06:37:40.415-07:00","source":{"id":"0","name":"eventBus"}}
{"__type":"$$EventMessageNode","id":"8adcf906-48e4-4eec-9a80-a3c4e2febc20","ts":"2026-07-08T06:37:40.838-07:00","eventName":"n8n.node.finished","message":"n8n.node.finished","payload":{"workflowId":"RncpK19cm1U8cysU","workflowName":"My workflow","executionId":"4","nodeType":"CUSTOM.parrotSmart","nodeName":"Parrot Smart Node","nodeId":"ff437c09-0bf7-4b1e-9ec0-f6c7cea61253"}}
{"__type":"$$EventMessageConfirm","confirm":"8adcf906-48e4-4eec-9a80-a3c4e2febc20","ts":"2026-07-08T06:37:40.838-07:00","source":{"id":"0","name":"eventBus"}}
{"__type":"$$EventMessageWorkflow","id":"0c69ad8b-af20-408c-b6fa-03cbd442311c","ts":"2026-07-08T06:37:40.849-07:00","eventName":"n8n.workflow.failed","message":"n8n.workflow.failed","payload":{"userId":"a039dea3-7cc0-443f-be06-e84b5938bb9d","executionId":"4","success":false,"isManual":true,"mode":"manual","workflowId":"RncpK19cm1U8cysU","workflowName":"My workflow","projectId":"5HzBTKO2eqOwe2ix","projectName":"parrot integrated <nickparent81@gmail.com>","lastNodeExecuted":"Parrot Smart Node","errorNodeType":"CUSTOM.parrotSmart","errorMessage":"Highway smart-hit request failed: 403 - \"{\\\"detail\\\":\\\"Tier Upgrade Required. This model is only available on Apex and Enterprise tiers.\\\"}\""}}
{"__type":"$$EventMessageConfirm","confirm":"0c69ad8b-af20-408c-b6fa-03cbd442311c","ts":"2026-07-08T06:37:40.849-07:00","source":{"id":"0","name":"eventBus"}}
{"__type":"$$EventMessageAudit","id":"313266d3-2bfe-4adf-8ca1-364a63f25e5c","ts":"2026-07-08T07:07:08.838-07:00","eventName":"n8n.audit.workflow.updated","message":"n8n.audit.workflow.updated","payload":{"userId":"a039dea3-7cc0-443f-be06-e84b5938bb9d","_email":"nickparent81@gmail.com","_firstName":"parrot","_lastName":"integrated","globalRole":"global:owner","workflowId":"RncpK19cm1U8cysU","workflowName":"My workflow"}}
{"__type":"$$EventMessageConfirm","confirm":"313266d3-2bfe-4adf-8ca1-364a63f25e5c","ts":"2026-07-08T07:07:08.842-07:00","source":{"id":"0","name":"eventBus"}}
{"__type":"$$EventMessageAudit","id":"2f09a9df-57b5-45da-8639-aed0bfd87e19","ts":"2026-07-08T07:08:21.330-07:00","eventName":"n8n.audit.workflow.updated","message":"n8n.audit.workflow.updated","payload":{"userId":"a039dea3-7cc0-443f-be06-e84b5938bb9d","_email":"nickparent81@gmail.com","_firstName":"parrot","_lastName":"integrated","globalRole":"global:owner","workflowId":"RncpK19cm1U8cysU","workflowName":"My workflow"}}
{"__type":"$$EventMessageConfirm","confirm":"2f09a9df-57b5-45da-8639-aed0bfd87e19","ts":"2026-07-08T07:08:21.330-07:00","source":{"id":"0","name":"eventBus"}}
{"__type":"$$EventMessageAudit","id":"52f3a6c6-3114-4f58-af02-1cb7fb94a8a3","ts":"2026-07-08T07:08:39.212-07:00","eventName":"n8n.audit.workflow.updated","message":"n8n.audit.workflow.updated","payload":{"userId":"a039dea3-7cc0-443f-be06-e84b5938bb9d","_email":"nickparent81@gmail.com","_firstName":"parrot","_lastName":"integrated","globalRole":"global:owner","workflowId":"RncpK19cm1U8cysU","workflowName":"My workflow"}}
{"__type":"$$EventMessageConfirm","confirm":"52f3a6c6-3114-4f58-af02-1cb7fb94a8a3","ts":"2026-07-08T07:08:39.212-07:00","source":{"id":"0","name":"eventBus"}}
